8.635030e+04
6.729484e+04
4.765735e+04
3.102835e+04
2.271443e+04
1.651887e+04
1.198095e+04
6.127649e+03
5.054899e+03
4.732771e+03
2.196697e+03
1.704280e+03
1.341068e+03
9.562731e+02
9.783756e+02
7.159099e+02
6.045688e+02
4.808091e+02
4.222122e+02
3.514109e+02
2.878052e+02
2.164820e+02
2.506270e+02
1.853026e+02
1.639240e+02
1.514861e+02
1.240535e+02
9.627761e+01
9.468261e+01
8.088548e+01
8.031588e+01
7.077704e+01
5.961590e+01
5.123972e+01
4.809220e+01
4.844931e+01
3.720800e+01
3.955959e+01
3.404883e+01
4.268958e+01
3.163337e+01
2.717434e+01
2.590424e+01
2.330106e+01
1.820853e+01
1.816206e+01
1.751084e+01
1.459633e+01
1.563833e+01
1.330271e+01
1.061563e+01
1.115652e+01
9.488928e+00
8.748989e+00
9.149742e+00
7.932337e+00
7.081551e+00
6.463908e+00
6.211767e+00
5.682577e+00
3.347806e+05
2.455474e+05
2.108832e+05
1.830602e+05
1.705568e+05
1.477975e+05
1.125020e+05
9.507769e+04
9.918231e+04
7.905748e+04
7.372774e+04
7.096562e+04
5.826074e+04
5.468840e+04
5.792251e+04
4.658745e+04
4.927773e+04
4.454889e+04
4.012784e+04
4.018211e+04
3.647634e+04
3.360619e+04
3.372925e+04
3.215773e+04
3.070300e+04
2.898673e+04
2.609392e+04
2.740125e+04
2.610000e+04
2.425768e+04
2.258145e+04
2.020034e+04
2.071673e+04
2.108466e+04
1.985265e+04
1.882991e+04
1.712123e+04
1.712420e+04
1.635684e+04
1.559072e+04
1.538623e+04
1.515498e+04
1.478006e+04
1.401565e+04
1.318362e+04
1.265766e+04
1.260801e+04
1.199745e+04
1.126242e+04
1.079124e+04
1.122333e+04
1.049086e+04
1.063286e+04
9.570083e+03
9.619661e+03
9.453641e+03
9.068730e+03
8.601526e+03
8.776907e+03
8.074503e+03
