3.336272e+05
2.222165e+05
2.401209e+05
1.832427e+05
1.702813e+05
1.474612e+05
1.105042e+05
9.733007e+04
9.878721e+04
7.710162e+04
7.682878e+04
6.997390e+04
5.967457e+04
5.504516e+04
5.652896e+04
5.244704e+04
4.548799e+04
4.131636e+04
4.464490e+04
3.768598e+04
3.809066e+04
3.577387e+04
3.539677e+04
3.162528e+04
2.974905e+04
2.972223e+04
2.803958e+04
2.713173e+04
2.642684e+04
2.340881e+04
2.239549e+04
2.273464e+04
2.138790e+04
2.049424e+04
1.840475e+04
1.749414e+04
1.656814e+04
1.886695e+04
1.646267e+04
1.625501e+04
1.577707e+04
1.466098e+04
1.412221e+04
1.486747e+04
1.335795e+04
1.263147e+04
1.191332e+04
1.247270e+04
1.193542e+04
1.169888e+04
1.066929e+04
1.003771e+04
1.004542e+04
1.048917e+04
9.614841e+03
9.389830e+03
9.146334e+03
8.969109e+03
8.848505e+03
8.213814e+03
3.336274e+05
2.459785e+05
2.159662e+05
1.852427e+05
1.677786e+05
1.474662e+05
1.105370e+05
9.731303e+04
9.875364e+04
7.811560e+04
7.578501e+04
7.005430e+04
5.860348e+04
5.636910e+04
5.825994e+04
5.021564e+04
4.547005e+04
4.387175e+04
4.212268e+04
3.776938e+04
3.971126e+04
3.561460e+04
3.372000e+04
3.105856e+04
2.938335e+04
3.132206e+04
2.811623e+04
2.724960e+04
2.362725e+04
2.458913e+04
2.396342e+04
2.120097e+04
2.173246e+04
2.060270e+04
1.933488e+04
1.768739e+04
1.766921e+04
1.663467e+04
1.647984e+04
1.631303e+04
1.571898e+04
1.496092e+04
1.420307e+04
1.474842e+04
1.326300e+04
1.292028e+04
1.274758e+04
1.212940e+04
1.117344e+04
1.167434e+04
1.054708e+04
1.019584e+04
1.039271e+04
1.003146e+04
9.247092e+03
9.968831e+03
8.813001e+03
9.233265e+03
8.551835e+03
8.297377e+03
8.633709e+04
6.750645e+04
5.020858e+04
3.035713e+04
2.417869e+04
1.650658e+04
1.197248e+04
5.844947e+03
5.494946e+03
4.821147e+03
2.144881e+03
1.703036e+03
1.368298e+03
9.593442e+02
9.764979e+02
7.443021e+02
6.529570e+02
4.815457e+02
4.497466e+02
3.680068e+02
3.023520e+02
2.238577e+02
2.706499e+02
1.944206e+02
1.818514e+02
1.581706e+02
1.385987e+02
1.016727e+02
9.277478e+01
9.622669e+01
8.227846e+01
7.284064e+01
6.545429e+01
5.970429e+01
5.478800e+01
6.269342e+01
4.516484e+01
4.867799e+01
4.280837e+01
3.746248e+01
4.713993e+01
3.730078e+01
